<?xml version="1.0" encoding="UTF-8"?>
<testng-results ignored="0" total="1" passed="1" failed="0" skipped="0">
  <reporter-output>
  </reporter-output>
  <suite started-at="2022-11-10T23:07:27 IST" name="Command line suite" finished-at="2022-11-10T23:07:27 IST" duration-ms="15">
    <groups>
    </groups>
    <test started-at="2022-11-10T23:07:27 IST" name="Command line test" finished-at="2022-11-10T23:07:27 IST" duration-ms="15">
      <class name="maven.pgt.AppTest">
        <test-method signature="testApp()[pri:0, instance:testApp(maven.pgt.AppTest)]" started-at="2022-11-10T23:07:27 IST" name="testApp" finished-at="2022-11-10T23:07:27 IST" duration-ms="3" status="PASS">
          <reporter-output>
          </reporter-output>
        </test-method> <!-- testApp -->
      </class> <!-- maven.pgt.AppTest -->
    </test> <!-- Command line test -->
  </suite> <!-- Command line suite -->
</testng-results>
